<?xml version="1.0" encoding="UTF-8"?>
<testsuite name="info.novatec.BreakEvenRequestHandlerTest" tests="1" skipped="0" failures="0" errors="0" timestamp="2020-10-07T13:55:46" hostname="NB160808CTA" time="1.861">
  <properties/>
  <testcase name="testHandler()" classname="info.novatec.BreakEvenRequestHandlerTest" time="1.861"/>
  <system-out><![CDATA[?[36m15:55:46.717?[0;39m ?[1;30m[Test worker]?[0;39m ?[34mINFO ?[0;39m ?[35mi.m.context.env.DefaultEnvironment?[0;39m - Established active environments: [function, lambda]
]]></system-out>
  <system-err><![CDATA[]]></system-err>
</testsuite>
